<?xml version="1.0" encoding="UTF-8"?>
<!-- Generated by org.testng.reporters.JUnitReportReporter -->
<testsuite hostname="DESKTOP-BJ80FP8" failures="0" tests="1" name="practice.TestScript_Amazon" time="57.364" errors="0" timestamp="2023-05-19T11:18:39 IST" skipped="0">
  <testcase classname="practice.TestScript_Amazon" name="m3" time="57.364"/>
  <system-out/>
</testsuite> <!-- practice.TestScript_Amazon -->
