<?xml version="1.0" encoding="UTF-8"?>
<!-- Generated by org.testng.reporters.JUnitReportReporter -->
<testsuite hostname="DESKTOP-BJ80FP8" failures="0" tests="1" name="practice.Submit_For_Search" time="85.529" errors="0" timestamp="2023-05-19T11:18:39 IST" skipped="0">
  <testcase classname="practice.Submit_For_Search" name="m4" time="85.529"/>
  <system-out/>
</testsuite> <!-- practice.Submit_For_Search -->
