<?xml version="1.0" encoding="UTF-8"?>
<!-- Generated by org.testng.reporters.JUnitReportReporter -->
<testsuite hostname="DESKTOP-BJ80FP8" failures="0" tests="3" name="TestNG_Demo.TestNGPractice" time="0.010" errors="0" timestamp="2023-05-19T10:49:49 IST" skipped="0">
  <testcase classname="TestNG_Demo.TestNGPractice" name="createContact" time="0.005"/>
  <system-out/>
  <testcase classname="TestNG_Demo.TestNGPractice" name="updateContact" time="0.003"/>
  <system-out/>
  <testcase classname="TestNG_Demo.TestNGPractice" name="deleteContact" time="0.002"/>
  <system-out/>
</testsuite> <!-- TestNG_Demo.TestNGPractice -->
