<?xml version="1.0" encoding="UTF-8"?>
<!-- Generated by org.testng.reporters.JUnitReportReporter -->
<testsuite hostname="DESKTOP-BJ80FP8" failures="0" tests="3" name="TestNG_Demo.SetMethodPriorotyTestNg$TestNGPractice" time="0.027" errors="0" timestamp="2023-05-18T11:00:45 IST" skipped="0">
  <testcase classname="TestNG_Demo.SetMethodPriorotyTestNg$TestNGPractice" name="updateContact" time="0.020"/>
  <system-out/>
  <testcase classname="TestNG_Demo.SetMethodPriorotyTestNg$TestNGPractice" name="createContact" time="0.005"/>
  <system-out/>
  <testcase classname="TestNG_Demo.SetMethodPriorotyTestNg$TestNGPractice" name="deleteContact" time="0.002"/>
  <system-out/>
</testsuite> <!-- TestNG_Demo.SetMethodPriorotyTestNg$TestNGPractice -->
